[15-Apr-2019 17:10:59] NOTICE: fpm is running, pid 16
[15-Apr-2019 17:10:59] NOTICE: ready to handle connections
[16-Apr-2019 15:19:54] NOTICE: fpm is running, pid 43
[16-Apr-2019 15:19:54] NOTICE: ready to handle connections
[24-Apr-2019 13:38:06] NOTICE: fpm is running, pid 54
[24-Apr-2019 13:38:06] NOTICE: ready to handle connections
[27-Apr-2019 13:15:54] NOTICE: fpm is running, pid 56
[27-Apr-2019 13:15:54] NOTICE: ready to handle connections
[29-Apr-2019 03:28:59] NOTICE: Terminating ...
[29-Apr-2019 03:28:59] NOTICE: exiting, bye-bye!
[29-Apr-2019 03:32:22] NOTICE: fpm is running, pid 57
[29-Apr-2019 03:32:22] NOTICE: ready to handle connections
[29-Apr-2019 16:17:09] NOTICE: Terminating ...
[29-Apr-2019 16:17:09] NOTICE: exiting, bye-bye!
[29-Apr-2019 16:17:15] NOTICE: fpm is running, pid 53
[29-Apr-2019 16:17:15] NOTICE: ready to handle connections
[03-May-2019 01:55:57] NOTICE: Terminating ...
[03-May-2019 01:55:57] NOTICE: exiting, bye-bye!
[07-May-2019 17:09:59] NOTICE: fpm is running, pid 24
[07-May-2019 17:09:59] NOTICE: ready to handle connections
[11-May-2019 19:00:32] NOTICE: fpm is running, pid 24
[11-May-2019 19:00:32] NOTICE: ready to handle connections
[26-Dec-2019 15:17:29] NOTICE: fpm is running, pid 38
[26-Dec-2019 15:17:29] NOTICE: ready to handle connections
[26-Dec-2019 15:22:31] NOTICE: Terminating ...
[26-Dec-2019 15:22:32] NOTICE: exiting, bye-bye!
[29-Jan-2020 19:53:54] NOTICE: fpm is running, pid 26
[29-Jan-2020 19:53:54] NOTICE: ready to handle connections
[14-Feb-2020 03:53:09] NOTICE: fpm is running, pid 60
[14-Feb-2020 03:53:09] NOTICE: ready to handle connections
