2019-04-15T17:11:00.319620Z 0 [Warning] TIMESTAMP with implicit DEFAULT value is deprecated. Please use --explicit_defaults_for_timestamp server option (see documentation for more details).
2019-04-15T17:11:00.320099Z 0 [Note] /usr/sbin/mysqld (mysqld 5.7.23) starting as process 33 ...
2019-04-15T17:11:00.333860Z 0 [Note] InnoDB: PUNCH HOLE support available
2019-04-15T17:11:00.333905Z 0 [Note] InnoDB: Mutexes and rw_locks use GCC atomic builtins
2019-04-15T17:11:00.333914Z 0 [Note] InnoDB: Uses event mutexes
2019-04-15T17:11:00.333923Z 0 [Note] InnoDB: GCC builtin __atomic_thread_fence() is used for memory barrier
2019-04-15T17:11:00.333932Z 0 [Note] InnoDB: Compressed tables use zlib 1.2.3
2019-04-15T17:11:00.333940Z 0 [Note] InnoDB: Using Linux native AIO
2019-04-15T17:11:00.334462Z 0 [Note] InnoDB: Number of pools: 1
2019-04-15T17:11:00.334670Z 0 [Note] InnoDB: Using CPU crc32 instructions
2019-04-15T17:11:00.348310Z 0 [Note] InnoDB: Initializing buffer pool, total size = 32M, instances = 1, chunk size = 32M
2019-04-15T17:11:00.361890Z 0 [Note] InnoDB: Completed initialization of buffer pool
2019-04-15T17:11:00.367643Z 0 [Note] InnoDB: If the mysqld execution user is authorized, page cleaner thread priority can be changed. See the man page of setpriority().
2019-04-15T17:11:00.378508Z 0 [Note] InnoDB: Highest supported file format is Barracuda.
2019-04-15T17:11:00.379663Z 0 [Note] InnoDB: Log scan progressed past the checkpoint lsn 2588963
2019-04-15T17:11:00.379712Z 0 [Note] InnoDB: Doing recovery: scanned up to log sequence number 2591784
2019-04-15T17:11:00.380627Z 0 [Note] InnoDB: Database was not shutdown normally!
2019-04-15T17:11:00.380654Z 0 [Note] InnoDB: Starting crash recovery.
2019-04-15T17:11:00.753257Z 0 [Note] InnoDB: Starting an apply batch of log records to the database...
InnoDB: Progress in percent: 27 28 29 30 31 32 33 34 35 36 37 38 39 40 41 42 43 44 45 46 47 48 49 50 51 52 53 54 55 56 57 58 59 60 61 62 63 64 65 66 67 68 69 70 71 72 73 74 75 76 77 78 79 80 81 82 83 84 85 86 87 88 89 90 91 92 93 94 95 96 97 98 99 
2019-04-15T17:11:00.770508Z 0 [Note] InnoDB: Apply batch completed
2019-04-15T17:11:00.873682Z 0 [Note] InnoDB: Removed temporary tablespace data file: "ibtmp1"
2019-04-15T17:11:00.873728Z 0 [Note] InnoDB: Creating shared tablespace for temporary tables
2019-04-15T17:11:00.873849Z 0 [Note] InnoDB: Setting file './ibtmp1' size to 12 MB. Physically writing the file full; Please wait ...
2019-04-15T17:11:00.985397Z 0 [Note] InnoDB: File './ibtmp1' size is now 12 MB.
2019-04-15T17:11:00.986849Z 0 [Note] InnoDB: 96 redo rollback segment(s) found. 96 redo rollback segment(s) are active.
2019-04-15T17:11:00.986898Z 0 [Note] InnoDB: 32 non-redo rollback segment(s) are active.
2019-04-15T17:11:00.988001Z 0 [Note] InnoDB: Waiting for purge to start
2019-04-15T17:11:01.039533Z 0 [Note] InnoDB: 5.7.23 started; log sequence number 2591784
2019-04-15T17:11:01.040597Z 0 [Note] Plugin 'FEDERATED' is disabled.
2019-04-15T17:11:01.043552Z 0 [Warning] Failed to set up SSL because of the following SSL library error: SSL context is not usable without certificate and private key
2019-04-15T17:11:01.043586Z 0 [Note] Server hostname (bind-address): '*'; port: 3306
2019-04-15T17:11:01.043650Z 0 [Note] IPv6 is available.
2019-04-15T17:11:01.043667Z 0 [Note]   - '::' resolves to '::';
2019-04-15T17:11:01.043681Z 0 [Note] Server socket created on IP: '::'.
2019-04-15T17:11:01.048002Z 0 [Note] InnoDB: Loading buffer pool(s) from /var/lib/mysql/ib_buffer_pool
2019-04-15T17:11:01.049277Z 0 [Warning] Insecure configuration for --pid-file: Location '/var/run/mysqld' in the path is accessible to all OS users. Consider choosing a different directory.
2019-04-15T17:11:01.054120Z 0 [ERROR] /usr/sbin/mysqld: Table './mysql/user' is marked as crashed and should be repaired
2019-04-15T17:11:01.054517Z 0 [Warning] Checking table:   './mysql/user'
2019-04-15T17:11:01.054548Z 0 [ERROR] 1 client is using or hasn't closed the table properly
2019-04-15T17:11:01.062976Z 0 [Warning] 'user' entry 'root@localhost' ignored in --skip-name-resolve mode.
2019-04-15T17:11:01.063053Z 0 [Warning] 'user' entry 'mysql.session@localhost' ignored in --skip-name-resolve mode.
2019-04-15T17:11:01.063083Z 0 [Warning] 'user' entry 'mysql.sys@localhost' ignored in --skip-name-resolve mode.
2019-04-15T17:11:01.063143Z 0 [Warning] 'db' entry 'performance_schema mysql.session@localhost' ignored in --skip-name-resolve mode.
2019-04-15T17:11:01.063161Z 0 [Warning] 'db' entry 'sys mysql.sys@localhost' ignored in --skip-name-resolve mode.
2019-04-15T17:11:01.063193Z 0 [Warning] 'proxies_priv' entry '@ root@localhost' ignored in --skip-name-resolve mode.
2019-04-15T17:11:01.065709Z 0 [Note] InnoDB: Buffer pool(s) load completed at 190415 17:11:01
2019-04-15T17:11:01.079044Z 0 [Warning] 'tables_priv' entry 'user mysql.session@localhost' ignored in --skip-name-resolve mode.
2019-04-15T17:11:01.079077Z 0 [Warning] 'tables_priv' entry 'sys_config mysql.sys@localhost' ignored in --skip-name-resolve mode.
2019-04-15T17:11:01.127795Z 0 [Note] Event Scheduler: Loaded 0 events
2019-04-15T17:11:01.137534Z 0 [Note] /usr/sbin/mysqld: ready for connections.
Version: '5.7.23'  socket: '/var/run/mysqld/mysqld.sock'  port: 3306  MySQL Community Server (GPL)
2019-04-15T17:11:03.928507Z 4 [ERROR] /usr/sbin/mysqld: Table './mysql/proc' is marked as crashed and should be repaired
2019-04-15T17:11:03.928790Z 4 [Warning] Checking table:   './mysql/proc'
2019-04-15T17:11:03.989176Z 6 [Warning] 'user' entry 'root@localhost' ignored in --skip-name-resolve mode.
2019-04-15T17:11:03.989215Z 6 [Warning] 'user' entry 'mysql.session@localhost' ignored in --skip-name-resolve mode.
2019-04-15T17:11:03.989234Z 6 [Warning] 'user' entry 'mysql.sys@localhost' ignored in --skip-name-resolve mode.
2019-04-15T17:11:03.989274Z 6 [Warning] 'db' entry 'performance_schema mysql.session@localhost' ignored in --skip-name-resolve mode.
2019-04-15T17:11:03.989286Z 6 [Warning] 'db' entry 'sys mysql.sys@localhost' ignored in --skip-name-resolve mode.
2019-04-15T17:11:03.989311Z 6 [Warning] 'proxies_priv' entry '@ root@localhost' ignored in --skip-name-resolve mode.
2019-04-15T17:11:03.989574Z 6 [Warning] 'tables_priv' entry 'user mysql.session@localhost' ignored in --skip-name-resolve mode.
2019-04-15T17:11:03.989595Z 6 [Warning] 'tables_priv' entry 'sys_config mysql.sys@localhost' ignored in --skip-name-resolve mode.
2019-04-16T10:21:47.255747Z 0 [Note] InnoDB: page_cleaner: 1000ms intended loop took 22237803ms. The settings might not be optimal. (flushed=0 and evicted=0, during the time.)
2019-04-16T11:06:54.995422Z 0 [Note] InnoDB: page_cleaner: 1000ms intended loop took 23823ms. The settings might not be optimal. (flushed=0 and evicted=0, during the time.)
2019-04-16T15:19:55.391794Z 0 [Warning] TIMESTAMP with implicit DEFAULT value is deprecated. Please use --explicit_defaults_for_timestamp server option (see documentation for more details).
2019-04-16T15:19:55.393624Z 0 [Note] /usr/sbin/mysqld (mysqld 5.7.23) starting as process 64 ...
2019-04-16T15:19:55.417652Z 0 [Note] InnoDB: PUNCH HOLE support available
2019-04-16T15:19:55.417694Z 0 [Note] InnoDB: Mutexes and rw_locks use GCC atomic builtins
2019-04-16T15:19:55.417705Z 0 [Note] InnoDB: Uses event mutexes
2019-04-16T15:19:55.417715Z 0 [Note] InnoDB: GCC builtin __atomic_thread_fence() is used for memory barrier
2019-04-16T15:19:55.417725Z 0 [Note] InnoDB: Compressed tables use zlib 1.2.3
2019-04-16T15:19:55.417734Z 0 [Note] InnoDB: Using Linux native AIO
2019-04-16T15:19:55.424418Z 0 [Note] InnoDB: Number of pools: 1
2019-04-16T15:19:55.425318Z 0 [Note] InnoDB: Using CPU crc32 instructions
2019-04-16T15:19:55.431097Z 0 [Note] InnoDB: Initializing buffer pool, total size = 32M, instances = 1, chunk size = 32M
2019-04-16T15:19:55.434822Z 0 [Note] InnoDB: Completed initialization of buffer pool
2019-04-16T15:19:55.443937Z 0 [Note] InnoDB: If the mysqld execution user is authorized, page cleaner thread priority can be changed. See the man page of setpriority().
2019-04-16T15:19:55.457226Z 0 [Note] InnoDB: Highest supported file format is Barracuda.
2019-04-16T15:19:55.464142Z 0 [Note] InnoDB: Log scan progressed past the checkpoint lsn 2588963
2019-04-16T15:19:55.464186Z 0 [Note] InnoDB: Doing recovery: scanned up to log sequence number 2591784
2019-04-16T15:19:55.466477Z 0 [Note] InnoDB: Database was not shutdown normally!
2019-04-16T15:19:55.466495Z 0 [Note] InnoDB: Starting crash recovery.
2019-04-16T15:19:55.935754Z 0 [Note] InnoDB: Starting an apply batch of log records to the database...
InnoDB: Progress in percent: 16 17 18 19 20 21 22 23 24 25 26 27 28 29 30 31 32 33 34 35 36 37 38 39 40 41 42 43 44 45 46 47 48 49 50 51 52 53 54 55 56 57 58 59 60 61 62 63 64 65 66 67 68 69 70 71 72 73 74 75 76 77 78 79 80 81 82 83 84 85 86 87 88 89 90 91 92 93 94 95 96 97 98 99 
2019-04-16T15:19:55.943308Z 0 [Note] InnoDB: Apply batch completed
2019-04-16T15:19:56.055175Z 0 [Note] InnoDB: Removed temporary tablespace data file: "ibtmp1"
2019-04-16T15:19:56.055205Z 0 [Note] InnoDB: Creating shared tablespace for temporary tables
2019-04-16T15:19:56.055293Z 0 [Note] InnoDB: Setting file './ibtmp1' size to 12 MB. Physically writing the file full; Please wait ...
2019-04-16T15:19:56.108594Z 0 [Note] InnoDB: File './ibtmp1' size is now 12 MB.
2019-04-16T15:19:56.109529Z 0 [Note] InnoDB: 96 redo rollback segment(s) found. 96 redo rollback segment(s) are active.
2019-04-16T15:19:56.109630Z 0 [Note] InnoDB: 32 non-redo rollback segment(s) are active.
2019-04-16T15:19:56.110289Z 0 [Note] InnoDB: Waiting for purge to start
2019-04-16T15:19:56.161309Z 0 [Note] InnoDB: 5.7.23 started; log sequence number 2591784
2019-04-16T15:19:56.161743Z 0 [Note] Plugin 'FEDERATED' is disabled.
2019-04-16T15:19:56.165755Z 0 [Warning] Failed to set up SSL because of the following SSL library error: SSL context is not usable without certificate and private key
2019-04-16T15:19:56.165785Z 0 [Note] Server hostname (bind-address): '*'; port: 3306
2019-04-16T15:19:56.166094Z 0 [Note] IPv6 is available.
2019-04-16T15:19:56.166118Z 0 [Note]   - '::' resolves to '::';
2019-04-16T15:19:56.166133Z 0 [Note] Server socket created on IP: '::'.
2019-04-16T15:19:56.166390Z 0 [Note] InnoDB: Loading buffer pool(s) from /var/lib/mysql/ib_buffer_pool
2019-04-16T15:19:56.169483Z 0 [Warning] Insecure configuration for --pid-file: Location '/var/run/mysqld' in the path is accessible to all OS users. Consider choosing a different directory.
2019-04-16T15:19:56.183798Z 0 [ERROR] /usr/sbin/mysqld: Table './mysql/user' is marked as crashed and should be repaired
2019-04-16T15:19:56.184155Z 0 [Warning] Checking table:   './mysql/user'
2019-04-16T15:19:56.184177Z 0 [ERROR] 1 client is using or hasn't closed the table properly
2019-04-16T15:19:56.185310Z 0 [Warning] 'user' entry 'root@localhost' ignored in --skip-name-resolve mode.
2019-04-16T15:19:56.185345Z 0 [Warning] 'user' entry 'mysql.session@localhost' ignored in --skip-name-resolve mode.
2019-04-16T15:19:56.185362Z 0 [Warning] 'user' entry 'mysql.sys@localhost' ignored in --skip-name-resolve mode.
2019-04-16T15:19:56.185612Z 0 [Warning] 'db' entry 'performance_schema mysql.session@localhost' ignored in --skip-name-resolve mode.
2019-04-16T15:19:56.185625Z 0 [Warning] 'db' entry 'sys mysql.sys@localhost' ignored in --skip-name-resolve mode.
2019-04-16T15:19:56.185868Z 0 [Warning] 'proxies_priv' entry '@ root@localhost' ignored in --skip-name-resolve mode.
2019-04-16T15:19:56.189887Z 0 [Note] InnoDB: Buffer pool(s) load completed at 190416 15:19:56
2019-04-16T15:19:56.189928Z 0 [Warning] 'tables_priv' entry 'user mysql.session@localhost' ignored in --skip-name-resolve mode.
2019-04-16T15:19:56.189951Z 0 [Warning] 'tables_priv' entry 'sys_config mysql.sys@localhost' ignored in --skip-name-resolve mode.
2019-04-16T15:19:56.241067Z 0 [Note] Event Scheduler: Loaded 0 events
2019-04-16T15:19:56.245358Z 0 [Note] /usr/sbin/mysqld: ready for connections.
Version: '5.7.23'  socket: '/var/run/mysqld/mysqld.sock'  port: 3306  MySQL Community Server (GPL)
2019-04-17T01:57:23.961073Z 0 [Note] InnoDB: page_cleaner: 1000ms intended loop took 7666284ms. The settings might not be optimal. (flushed=0 and evicted=0, during the time.)
2019-04-17T14:12:49.527344Z 0 [Note] InnoDB: page_cleaner: 1000ms intended loop took 34044907ms. The settings might not be optimal. (flushed=0 and evicted=0, during the time.)
2019-04-17T15:02:36.370005Z 0 [Note] InnoDB: page_cleaner: 1000ms intended loop took 69611ms. The settings might not be optimal. (flushed=0 and evicted=0, during the time.)
2019-04-18T00:59:37.035893Z 0 [Note] InnoDB: page_cleaner: 1000ms intended loop took 4264877ms. The settings might not be optimal. (flushed=0 and evicted=0, during the time.)
2019-04-18T01:16:46.731610Z 0 [Note] InnoDB: page_cleaner: 1000ms intended loop took 12973ms. The settings might not be optimal. (flushed=0 and evicted=0, during the time.)
2019-04-18T10:14:22.713664Z 0 [Note] InnoDB: page_cleaner: 1000ms intended loop took 18522368ms. The settings might not be optimal. (flushed=0 and evicted=0, during the time.)
2019-04-18T10:30:57.803494Z 0 [Note] InnoDB: page_cleaner: 1000ms intended loop took 45943ms. The settings might not be optimal. (flushed=0 and evicted=0, during the time.)
2019-04-18T14:51:45.481595Z 0 [Note] InnoDB: page_cleaner: 1000ms intended loop took 1985477ms. The settings might not be optimal. (flushed=0 and evicted=0, during the time.)
2019-04-19T01:10:59.959102Z 0 [Note] InnoDB: page_cleaner: 1000ms intended loop took 19282825ms. The settings might not be optimal. (flushed=0 and evicted=0, during the time.)
2019-04-19T03:58:05.645641Z 0 [Note] InnoDB: page_cleaner: 1000ms intended loop took 6611ms. The settings might not be optimal. (flushed=0 and evicted=0, during the time.)
2019-04-19T13:53:09.540582Z 0 [Note] InnoDB: page_cleaner: 1000ms intended loop took 1867239ms. The settings might not be optimal. (flushed=0 and evicted=0, during the time.)
2019-04-19T14:29:02.675954Z 0 [Note] InnoDB: page_cleaner: 1000ms intended loop took 16084ms. The settings might not be optimal. (flushed=0 and evicted=0, during the time.)
2019-04-19T18:20:10.788975Z 0 [Note] InnoDB: page_cleaner: 1000ms intended loop took 239842ms. The settings might not be optimal. (flushed=0 and evicted=0, during the time.)
2019-04-20T02:07:27.989579Z 0 [Note] InnoDB: page_cleaner: 1000ms intended loop took 5499567ms. The settings might not be optimal. (flushed=0 and evicted=0, during the time.)
2019-04-20T02:25:35.453154Z 0 [Note] InnoDB: page_cleaner: 1000ms intended loop took 36302ms. The settings might not be optimal. (flushed=0 and evicted=0, during the time.)
2019-04-20T04:29:38.332117Z 0 [Note] InnoDB: page_cleaner: 1000ms intended loop took 6385041ms. The settings might not be optimal. (flushed=0 and evicted=0, during the time.)
2019-04-20T04:45:06.301931Z 0 [Note] InnoDB: page_cleaner: 1000ms intended loop took 17910ms. The settings might not be optimal. (flushed=0 and evicted=0, during the time.)
2019-04-21T15:18:52.399525Z 0 [Note] InnoDB: page_cleaner: 1000ms intended loop took 121716514ms. The settings might not be optimal. (flushed=0 and evicted=0, during the time.)
2019-04-21T15:35:00.263483Z 0 [Note] InnoDB: page_cleaner: 1000ms intended loop took 56100ms. The settings might not be optimal. (flushed=0 and evicted=0, during the time.)
2019-04-21T17:54:52.139752Z 0 [Note] InnoDB: page_cleaner: 1000ms intended loop took 6234397ms. The settings might not be optimal. (flushed=0 and evicted=0, during the time.)
2019-04-21T18:11:42.509662Z 0 [Note] InnoDB: page_cleaner: 1000ms intended loop took 18623ms. The settings might not be optimal. (flushed=13 and evicted=0, during the time.)
2019-04-21T23:25:25.459142Z 0 [Note] InnoDB: page_cleaner: 1000ms intended loop took 1416908ms. The settings might not be optimal. (flushed=0 and evicted=0, during the time.)
2019-04-22T00:19:32.582027Z 0 [Note] InnoDB: page_cleaner: 1000ms intended loop took 17605ms. The settings might not be optimal. (flushed=0 and evicted=0, during the time.)
2019-04-22T00:44:21.787229Z 0 [Note] InnoDB: page_cleaner: 1000ms intended loop took 4205ms. The settings might not be optimal. (flushed=0 and evicted=0, during the time.)
2019-04-22T14:00:59.922467Z 0 [Note] InnoDB: page_cleaner: 1000ms intended loop took 33832163ms. The settings might not be optimal. (flushed=0 and evicted=0, during the time.)
2019-04-22T14:29:25.096049Z 0 [Note] InnoDB: page_cleaner: 1000ms intended loop took 19452ms. The settings might not be optimal. (flushed=0 and evicted=0, during the time.)
2019-04-22T22:01:16.115950Z 0 [Note] InnoDB: page_cleaner: 1000ms intended loop took 910597ms. The settings might not be optimal. (flushed=0 and evicted=0, during the time.)
2019-04-22T23:19:40.073212Z 0 [Note] InnoDB: page_cleaner: 1000ms intended loop took 2828545ms. The settings might not be optimal. (flushed=0 and evicted=0, during the time.)
2019-04-23T05:01:38.043464Z 0 [Note] InnoDB: page_cleaner: 1000ms intended loop took 1556298ms. The settings might not be optimal. (flushed=0 and evicted=0, during the time.)
2019-04-23T14:15:54.936835Z 0 [Note] InnoDB: page_cleaner: 1000ms intended loop took 31896926ms. The settings might not be optimal. (flushed=0 and evicted=0, during the time.)
2019-04-23T14:50:29.113639Z 0 [Note] InnoDB: page_cleaner: 1000ms intended loop took 20315ms. The settings might not be optimal. (flushed=0 and evicted=0, during the time.)
2019-04-24T00:05:28.961791Z 0 [Note] InnoDB: page_cleaner: 1000ms intended loop took 12412444ms. The settings might not be optimal. (flushed=0 and evicted=0, during the time.)
2019-04-24T00:34:40.983955Z 0 [Note] InnoDB: page_cleaner: 1000ms intended loop took 21450ms. The settings might not be optimal. (flushed=0 and evicted=0, during the time.)
2019-04-24T13:38:07.251344Z 0 [Warning] TIMESTAMP with implicit DEFAULT value is deprecated. Please use --explicit_defaults_for_timestamp server option (see documentation for more details).
2019-04-24T13:38:07.267214Z 0 [Note] /usr/sbin/mysqld (mysqld 5.7.23) starting as process 75 ...
2019-04-24T13:38:07.373300Z 0 [Note] InnoDB: PUNCH HOLE support available
2019-04-24T13:38:07.373344Z 0 [Note] InnoDB: Mutexes and rw_locks use GCC atomic builtins
2019-04-24T13:38:07.373355Z 0 [Note] InnoDB: Uses event mutexes
2019-04-24T13:38:07.373364Z 0 [Note] InnoDB: GCC builtin __atomic_thread_fence() is used for memory barrier
2019-04-24T13:38:07.373373Z 0 [Note] InnoDB: Compressed tables use zlib 1.2.3
2019-04-24T13:38:07.373382Z 0 [Note] InnoDB: Using Linux native AIO
2019-04-24T13:38:07.380854Z 0 [Note] InnoDB: Number of pools: 1
2019-04-24T13:38:07.392281Z 0 [Note] InnoDB: Using CPU crc32 instructions
2019-04-24T13:38:07.398480Z 0 [Note] InnoDB: Initializing buffer pool, total size = 32M, instances = 1, chunk size = 32M
2019-04-24T13:38:07.410107Z 0 [Note] InnoDB: Completed initialization of buffer pool
2019-04-24T13:38:07.411966Z 0 [Note] InnoDB: If the mysqld execution user is authorized, page cleaner thread priority can be changed. See the man page of setpriority().
2019-04-24T13:38:07.458608Z 0 [Note] InnoDB: Highest supported file format is Barracuda.
2019-04-24T13:38:07.467108Z 0 [Note] InnoDB: Log scan progressed past the checkpoint lsn 10491541
2019-04-24T13:38:07.467142Z 0 [Note] InnoDB: Doing recovery: scanned up to log sequence number 10491550
2019-04-24T13:38:07.467153Z 0 [Note] InnoDB: Database was not shutdown normally!
2019-04-24T13:38:07.467162Z 0 [Note] InnoDB: Starting crash recovery.
2019-04-24T13:38:07.736538Z 0 [Note] InnoDB: Removed temporary tablespace data file: "ibtmp1"
2019-04-24T13:38:07.736578Z 0 [Note] InnoDB: Creating shared tablespace for temporary tables
2019-04-24T13:38:07.736653Z 0 [Note] InnoDB: Setting file './ibtmp1' size to 12 MB. Physically writing the file full; Please wait ...
2019-04-24T13:38:07.784936Z 0 [Note] InnoDB: File './ibtmp1' size is now 12 MB.
2019-04-24T13:38:07.785784Z 0 [Note] InnoDB: 96 redo rollback segment(s) found. 96 redo rollback segment(s) are active.
2019-04-24T13:38:07.785802Z 0 [Note] InnoDB: 32 non-redo rollback segment(s) are active.
2019-04-24T13:38:07.786367Z 0 [Note] InnoDB: Waiting for purge to start
2019-04-24T13:38:07.837840Z 0 [Note] InnoDB: 5.7.23 started; log sequence number 10491550
2019-04-24T13:38:07.839522Z 0 [Note] Plugin 'FEDERATED' is disabled.
2019-04-24T13:38:07.840924Z 0 [Note] InnoDB: Loading buffer pool(s) from /var/lib/mysql/ib_buffer_pool
2019-04-24T13:38:07.851471Z 0 [Warning] Failed to set up SSL because of the following SSL library error: SSL context is not usable without certificate and private key
2019-04-24T13:38:07.851501Z 0 [Note] Server hostname (bind-address): '*'; port: 3306
2019-04-24T13:38:07.851673Z 0 [Note] InnoDB: Buffer pool(s) load completed at 190424 13:38:07
2019-04-24T13:38:07.854207Z 0 [Note] IPv6 is available.
2019-04-24T13:38:07.855674Z 0 [Note]   - '::' resolves to '::';
2019-04-24T13:38:07.855712Z 0 [Note] Server socket created on IP: '::'.
2019-04-24T13:38:07.857771Z 0 [Warning] Insecure configuration for --pid-file: Location '/var/run/mysqld' in the path is accessible to all OS users. Consider choosing a different directory.
2019-04-24T13:38:07.867800Z 0 [Warning] 'user' entry 'root@localhost' ignored in --skip-name-resolve mode.
2019-04-24T13:38:07.867856Z 0 [Warning] 'user' entry 'mysql.session@localhost' ignored in --skip-name-resolve mode.
2019-04-24T13:38:07.867873Z 0 [Warning] 'user' entry 'mysql.sys@localhost' ignored in --skip-name-resolve mode.
2019-04-24T13:38:07.868044Z 0 [Warning] 'db' entry 'performance_schema mysql.session@localhost' ignored in --skip-name-resolve mode.
2019-04-24T13:38:07.868057Z 0 [Warning] 'db' entry 'sys mysql.sys@localhost' ignored in --skip-name-resolve mode.
2019-04-24T13:38:07.868615Z 0 [Warning] 'proxies_priv' entry '@ root@localhost' ignored in --skip-name-resolve mode.
2019-04-24T13:38:07.880752Z 0 [Warning] 'tables_priv' entry 'user mysql.session@localhost' ignored in --skip-name-resolve mode.
2019-04-24T13:38:07.880785Z 0 [Warning] 'tables_priv' entry 'sys_config mysql.sys@localhost' ignored in --skip-name-resolve mode.
2019-04-24T13:38:07.970930Z 0 [Note] Event Scheduler: Loaded 0 events
2019-04-24T13:38:07.977952Z 0 [Note] /usr/sbin/mysqld: ready for connections.
Version: '5.7.23'  socket: '/var/run/mysqld/mysqld.sock'  port: 3306  MySQL Community Server (GPL)
2019-04-24T15:45:58.539181Z 0 [Note] InnoDB: page_cleaner: 1000ms intended loop took 4771ms. The settings might not be optimal. (flushed=6 and evicted=0, during the time.)
2019-04-24T22:02:58.433337Z 0 [Note] InnoDB: page_cleaner: 1000ms intended loop took 4956714ms. The settings might not be optimal. (flushed=0 and evicted=0, during the time.)
2019-04-25T00:15:06.147450Z 0 [Note] InnoDB: page_cleaner: 1000ms intended loop took 5588076ms. The settings might not be optimal. (flushed=0 and evicted=0, during the time.)
2019-04-25T01:24:27.482574Z 0 [Note] InnoDB: page_cleaner: 1000ms intended loop took 1271482ms. The settings might not be optimal. (flushed=0 and evicted=0, during the time.)
2019-04-25T02:26:39.560424Z 0 [Note] InnoDB: page_cleaner: 1000ms intended loop took 1702666ms. The settings might not be optimal. (flushed=0 and evicted=0, during the time.)
2019-04-25T13:33:40.549409Z 0 [Note] InnoDB: page_cleaner: 1000ms intended loop took 32420753ms. The settings might not be optimal. (flushed=0 and evicted=0, during the time.)
2019-04-26T18:17:19.789508Z 0 [Note] InnoDB: page_cleaner: 1000ms intended loop took 59582229ms. The settings might not be optimal. (flushed=0 and evicted=0, during the time.)
2019-04-27T01:29:59.355366Z 0 [Note] InnoDB: page_cleaner: 1000ms intended loop took 3248062ms. The settings might not be optimal. (flushed=0 and evicted=0, during the time.)
2019-04-27T13:15:55.690280Z 0 [Warning] TIMESTAMP with implicit DEFAULT value is deprecated. Please use --explicit_defaults_for_timestamp server option (see documentation for more details).
2019-04-27T13:15:55.697729Z 0 [Note] /usr/sbin/mysqld (mysqld 5.7.23) starting as process 75 ...
2019-04-27T13:15:55.779877Z 0 [Note] InnoDB: PUNCH HOLE support available
2019-04-27T13:15:55.779943Z 0 [Note] InnoDB: Mutexes and rw_locks use GCC atomic builtins
2019-04-27T13:15:55.779962Z 0 [Note] InnoDB: Uses event mutexes
2019-04-27T13:15:55.779982Z 0 [Note] InnoDB: GCC builtin __atomic_thread_fence() is used for memory barrier
2019-04-27T13:15:55.779998Z 0 [Note] InnoDB: Compressed tables use zlib 1.2.3
2019-04-27T13:15:55.780024Z 0 [Note] InnoDB: Using Linux native AIO
2019-04-27T13:15:55.785998Z 0 [Note] InnoDB: Number of pools: 1
2019-04-27T13:15:55.795867Z 0 [Note] InnoDB: Using CPU crc32 instructions
2019-04-27T13:15:55.801391Z 0 [Note] InnoDB: Initializing buffer pool, total size = 32M, instances = 1, chunk size = 32M
2019-04-27T13:15:55.808566Z 0 [Note] InnoDB: Completed initialization of buffer pool
2019-04-27T13:15:55.817778Z 0 [Note] InnoDB: If the mysqld execution user is authorized, page cleaner thread priority can be changed. See the man page of setpriority().
2019-04-27T13:15:55.841896Z 0 [Note] InnoDB: Highest supported file format is Barracuda.
2019-04-27T13:15:55.846609Z 0 [Note] InnoDB: Log scan progressed past the checkpoint lsn 14090361
2019-04-27T13:15:55.846643Z 0 [Note] InnoDB: Doing recovery: scanned up to log sequence number 14090370
2019-04-27T13:15:55.846659Z 0 [Note] InnoDB: Database was not shutdown normally!
2019-04-27T13:15:55.846673Z 0 [Note] InnoDB: Starting crash recovery.
2019-04-27T13:15:56.022947Z 0 [Note] InnoDB: Removed temporary tablespace data file: "ibtmp1"
2019-04-27T13:15:56.022982Z 0 [Note] InnoDB: Creating shared tablespace for temporary tables
2019-04-27T13:15:56.023054Z 0 [Note] InnoDB: Setting file './ibtmp1' size to 12 MB. Physically writing the file full; Please wait ...
2019-04-27T13:15:56.065784Z 0 [Note] InnoDB: File './ibtmp1' size is now 12 MB.
2019-04-27T13:15:56.066515Z 0 [Note] InnoDB: 96 redo rollback segment(s) found. 96 redo rollback segment(s) are active.
2019-04-27T13:15:56.066587Z 0 [Note] InnoDB: 32 non-redo rollback segment(s) are active.
2019-04-27T13:15:56.067188Z 0 [Note] InnoDB: Waiting for purge to start
2019-04-27T13:15:56.117473Z 0 [Note] InnoDB: 5.7.23 started; log sequence number 14090370
2019-04-27T13:15:56.118888Z 0 [Note] Plugin 'FEDERATED' is disabled.
2019-04-27T13:15:56.120123Z 0 [Note] InnoDB: Loading buffer pool(s) from /var/lib/mysql/ib_buffer_pool
2019-04-27T13:15:56.133524Z 0 [Warning] Failed to set up SSL because of the following SSL library error: SSL context is not usable without certificate and private key
2019-04-27T13:15:56.133557Z 0 [Note] Server hostname (bind-address): '*'; port: 3306
2019-04-27T13:15:56.134705Z 0 [Note] IPv6 is available.
2019-04-27T13:15:56.134860Z 0 [Note] InnoDB: Buffer pool(s) load completed at 190427 13:15:56
2019-04-27T13:15:56.135110Z 0 [Note]   - '::' resolves to '::';
2019-04-27T13:15:56.135129Z 0 [Note] Server socket created on IP: '::'.
2019-04-27T13:15:56.136838Z 0 [Warning] Insecure configuration for --pid-file: Location '/var/run/mysqld' in the path is accessible to all OS users. Consider choosing a different directory.
2019-04-27T13:15:56.141755Z 0 [Warning] 'user' entry 'root@localhost' ignored in --skip-name-resolve mode.
2019-04-27T13:15:56.141808Z 0 [Warning] 'user' entry 'mysql.session@localhost' ignored in --skip-name-resolve mode.
2019-04-27T13:15:56.141825Z 0 [Warning] 'user' entry 'mysql.sys@localhost' ignored in --skip-name-resolve mode.
2019-04-27T13:15:56.141999Z 0 [Warning] 'db' entry 'performance_schema mysql.session@localhost' ignored in --skip-name-resolve mode.
2019-04-27T13:15:56.142012Z 0 [Warning] 'db' entry 'sys mysql.sys@localhost' ignored in --skip-name-resolve mode.
2019-04-27T13:15:56.142182Z 0 [Warning] 'proxies_priv' entry '@ root@localhost' ignored in --skip-name-resolve mode.
2019-04-27T13:15:56.146691Z 0 [Warning] 'tables_priv' entry 'user mysql.session@localhost' ignored in --skip-name-resolve mode.
2019-04-27T13:15:56.146713Z 0 [Warning] 'tables_priv' entry 'sys_config mysql.sys@localhost' ignored in --skip-name-resolve mode.
2019-04-27T13:15:56.188364Z 0 [Note] Event Scheduler: Loaded 0 events
2019-04-27T13:15:56.197615Z 0 [Note] /usr/sbin/mysqld: ready for connections.
Version: '5.7.23'  socket: '/var/run/mysqld/mysqld.sock'  port: 3306  MySQL Community Server (GPL)
2019-04-27T14:33:42.305361Z 0 [Note] InnoDB: page_cleaner: 1000ms intended loop took 2732107ms. The settings might not be optimal. (flushed=0 and evicted=0, during the time.)
2019-04-27T18:54:40.527359Z 0 [Note] InnoDB: page_cleaner: 1000ms intended loop took 2057503ms. The settings might not be optimal. (flushed=0 and evicted=0, during the time.)
2019-04-27T23:56:42.297503Z 0 [Note] InnoDB: page_cleaner: 1000ms intended loop took 13782097ms. The settings might not be optimal. (flushed=0 and evicted=0, during the time.)
2019-04-28T01:04:27.171429Z 0 [Note] InnoDB: page_cleaner: 1000ms intended loop took 3475477ms. The settings might not be optimal. (flushed=0 and evicted=0, during the time.)
2019-04-28T04:08:52.280609Z 0 [Note] InnoDB: page_cleaner: 1000ms intended loop took 9775275ms. The settings might not be optimal. (flushed=0 and evicted=0, during the time.)
2019-04-28T19:08:33.937422Z 0 [Note] InnoDB: page_cleaner: 1000ms intended loop took 51778717ms. The settings might not be optimal. (flushed=0 and evicted=0, during the time.)
2019-04-28T21:55:15.000333Z 0 [Note] InnoDB: page_cleaner: 1000ms intended loop took 6351780ms. The settings might not be optimal. (flushed=0 and evicted=0, during the time.)
2019-04-29T03:28:59.598162Z 0 [Note] Giving 1 client threads a chance to die gracefully
2019-04-29T03:28:59.600898Z 0 [Note] Shutting down slave threads
2019-04-29T03:32:22.853619Z 0 [Warning] TIMESTAMP with implicit DEFAULT value is deprecated. Please use --explicit_defaults_for_timestamp server option (see documentation for more details).
2019-04-29T03:32:22.858195Z 0 [Note] /usr/sbin/mysqld (mysqld 5.7.23) starting as process 78 ...
2019-04-29T03:32:22.890870Z 0 [Note] InnoDB: PUNCH HOLE support available
2019-04-29T03:32:22.890911Z 0 [Note] InnoDB: Mutexes and rw_locks use GCC atomic builtins
2019-04-29T03:32:22.890922Z 0 [Note] InnoDB: Uses event mutexes
2019-04-29T03:32:22.890931Z 0 [Note] InnoDB: GCC builtin __atomic_thread_fence() is used for memory barrier
2019-04-29T03:32:22.890939Z 0 [Note] InnoDB: Compressed tables use zlib 1.2.3
2019-04-29T03:32:22.890948Z 0 [Note] InnoDB: Using Linux native AIO
2019-04-29T03:32:22.893223Z 0 [Note] InnoDB: Number of pools: 1
2019-04-29T03:32:22.897146Z 0 [Note] InnoDB: Using CPU crc32 instructions
2019-04-29T03:32:22.900908Z 0 [Note] InnoDB: Initializing buffer pool, total size = 32M, instances = 1, chunk size = 32M
2019-04-29T03:32:22.909681Z 0 [Note] InnoDB: Completed initialization of buffer pool
2019-04-29T03:32:22.911476Z 0 [Note] InnoDB: If the mysqld execution user is authorized, page cleaner thread priority can be changed. See the man page of setpriority().
2019-04-29T03:32:22.931099Z 0 [Note] InnoDB: Highest supported file format is Barracuda.
2019-04-29T03:32:22.934563Z 0 [Note] InnoDB: Log scan progressed past the checkpoint lsn 14515221
2019-04-29T03:32:22.934596Z 0 [Note] InnoDB: Doing recovery: scanned up to log sequence number 14515230
2019-04-29T03:32:22.934606Z 0 [Note] InnoDB: Database was not shutdown normally!
2019-04-29T03:32:22.934615Z 0 [Note] InnoDB: Starting crash recovery.
2019-04-29T03:32:23.130747Z 0 [Note] InnoDB: Removed temporary tablespace data file: "ibtmp1"
2019-04-29T03:32:23.130784Z 0 [Note] InnoDB: Creating shared tablespace for temporary tables
2019-04-29T03:32:23.130869Z 0 [Note] InnoDB: Setting file './ibtmp1' size to 12 MB. Physically writing the file full; Please wait ...
2019-04-29T03:32:23.172419Z 0 [Note] InnoDB: File './ibtmp1' size is now 12 MB.
2019-04-29T03:32:23.173332Z 0 [Note] InnoDB: 96 redo rollback segment(s) found. 96 redo rollback segment(s) are active.
2019-04-29T03:32:23.173352Z 0 [Note] InnoDB: 32 non-redo rollback segment(s) are active.
2019-04-29T03:32:23.173916Z 0 [Note] InnoDB: Waiting for purge to start
2019-04-29T03:32:23.225227Z 0 [Note] InnoDB: 5.7.23 started; log sequence number 14515230
2019-04-29T03:32:23.226642Z 0 [Note] Plugin 'FEDERATED' is disabled.
2019-04-29T03:32:23.228403Z 0 [Note] InnoDB: Loading buffer pool(s) from /var/lib/mysql/ib_buffer_pool
2019-04-29T03:32:23.235789Z 0 [Warning] Failed to set up SSL because of the following SSL library error: SSL context is not usable without certificate and private key
2019-04-29T03:32:23.235817Z 0 [Note] Server hostname (bind-address): '*'; port: 3306
2019-04-29T03:32:23.236134Z 0 [Note] IPv6 is available.
2019-04-29T03:32:23.236906Z 0 [Note]   - '::' resolves to '::';
2019-04-29T03:32:23.236925Z 0 [Note] Server socket created on IP: '::'.
2019-04-29T03:32:23.239352Z 0 [Warning] Insecure configuration for --pid-file: Location '/var/run/mysqld' in the path is accessible to all OS users. Consider choosing a different directory.
2019-04-29T03:32:23.239770Z 0 [Note] InnoDB: Buffer pool(s) load completed at 190429  3:32:23
2019-04-29T03:32:23.260764Z 0 [Warning] 'user' entry 'root@localhost' ignored in --skip-name-resolve mode.
2019-04-29T03:32:23.260819Z 0 [Warning] 'user' entry 'mysql.session@localhost' ignored in --skip-name-resolve mode.
2019-04-29T03:32:23.260834Z 0 [Warning] 'user' entry 'mysql.sys@localhost' ignored in --skip-name-resolve mode.
2019-04-29T03:32:23.260991Z 0 [Warning] 'db' entry 'performance_schema mysql.session@localhost' ignored in --skip-name-resolve mode.
2019-04-29T03:32:23.261003Z 0 [Warning] 'db' entry 'sys mysql.sys@localhost' ignored in --skip-name-resolve mode.
2019-04-29T03:32:23.261147Z 0 [Warning] 'proxies_priv' entry '@ root@localhost' ignored in --skip-name-resolve mode.
2019-04-29T03:32:23.271665Z 0 [Warning] 'tables_priv' entry 'user mysql.session@localhost' ignored in --skip-name-resolve mode.
2019-04-29T03:32:23.271696Z 0 [Warning] 'tables_priv' entry 'sys_config mysql.sys@localhost' ignored in --skip-name-resolve mode.
2019-04-29T03:32:23.313259Z 0 [Note] Event Scheduler: Loaded 0 events
2019-04-29T03:32:23.315657Z 0 [Note] /usr/sbin/mysqld: ready for connections.
Version: '5.7.23'  socket: '/var/run/mysqld/mysqld.sock'  port: 3306  MySQL Community Server (GPL)
2019-04-29T15:47:13.152331Z 0 [Note] InnoDB: page_cleaner: 1000ms intended loop took 39640505ms. The settings might not be optimal. (flushed=0 and evicted=0, during the time.)
2019-04-29T16:07:40.457551Z 0 [Note] InnoDB: page_cleaner: 1000ms intended loop took 4899ms. The settings might not be optimal. (flushed=0 and evicted=0, during the time.)
2019-04-29T16:17:07.532990Z 180 [ERROR] /usr/sbin/mysqld: Table './mysql/proc' is marked as crashed and should be repaired
2019-04-29T16:17:08.114271Z 0 [Note] Giving 0 client threads a chance to die gracefully
2019-04-29T16:17:08.114310Z 0 [Note] Shutting down slave threads
2019-04-29T16:17:08.114319Z 0 [Note] Forcefully disconnecting 0 remaining clients
2019-04-29T16:17:08.114330Z 0 [Note] Event Scheduler: Purging the queue. 0 events
2019-04-29T16:17:08.125640Z 0 [Note] Binlog end
2019-04-29T16:17:08.126963Z 0 [Note] Shutting down plugin 'ngram'
2019-04-29T16:17:08.126981Z 0 [Note] Shutting down plugin 'partition'
2019-04-29T16:17:08.126989Z 0 [Note] Shutting down plugin 'BLACKHOLE'
2019-04-29T16:17:08.126997Z 0 [Note] Shutting down plugin 'ARCHIVE'
2019-04-29T16:17:08.127003Z 0 [Note] Shutting down plugin 'PERFORMANCE_SCHEMA'
2019-04-29T16:17:08.127028Z 0 [Note] Shutting down plugin 'MRG_MYISAM'
2019-04-29T16:17:08.127036Z 0 [Note] Shutting down plugin 'MyISAM'
2019-04-29T16:17:08.127050Z 0 [Note] Shutting down plugin 'INNODB_SYS_VIRTUAL'
2019-04-29T16:17:08.127058Z 0 [Note] Shutting down plugin 'INNODB_SYS_DATAFILES'
2019-04-29T16:17:08.127064Z 0 [Note] Shutting down plugin 'INNODB_SYS_TABLESPACES'
2019-04-29T16:17:08.127071Z 0 [Note] Shutting down plugin 'INNODB_SYS_FOREIGN_COLS'
2019-04-29T16:17:08.127077Z 0 [Note] Shutting down plugin 'INNODB_SYS_FOREIGN'
2019-04-29T16:17:08.127083Z 0 [Note] Shutting down plugin 'INNODB_SYS_FIELDS'
2019-04-29T16:17:08.127090Z 0 [Note] Shutting down plugin 'INNODB_SYS_COLUMNS'
2019-04-29T16:17:08.127096Z 0 [Note] Shutting down plugin 'INNODB_SYS_INDEXES'
2019-04-29T16:17:08.127102Z 0 [Note] Shutting down plugin 'INNODB_SYS_TABLESTATS'
2019-04-29T16:17:08.127108Z 0 [Note] Shutting down plugin 'INNODB_SYS_TABLES'
2019-04-29T16:17:08.127115Z 0 [Note] Shutting down plugin 'INNODB_FT_INDEX_TABLE'
2019-04-29T16:17:08.127121Z 0 [Note] Shutting down plugin 'INNODB_FT_INDEX_CACHE'
2019-04-29T16:17:08.127127Z 0 [Note] Shutting down plugin 'INNODB_FT_CONFIG'
2019-04-29T16:17:08.127133Z 0 [Note] Shutting down plugin 'INNODB_FT_BEING_DELETED'
2019-04-29T16:17:08.127146Z 0 [Note] Shutting down plugin 'INNODB_FT_DELETED'
2019-04-29T16:17:08.127153Z 0 [Note] Shutting down plugin 'INNODB_FT_DEFAULT_STOPWORD'
2019-04-29T16:17:08.127159Z 0 [Note] Shutting down plugin 'INNODB_METRICS'
2019-04-29T16:17:08.127165Z 0 [Note] Shutting down plugin 'INNODB_TEMP_TABLE_INFO'
2019-04-29T16:17:08.127171Z 0 [Note] Shutting down plugin 'INNODB_BUFFER_POOL_STATS'
2019-04-29T16:17:08.127178Z 0 [Note] Shutting down plugin 'INNODB_BUFFER_PAGE_LRU'
2019-04-29T16:17:08.127184Z 0 [Note] Shutting down plugin 'INNODB_BUFFER_PAGE'
2019-04-29T16:17:08.127190Z 0 [Note] Shutting down plugin 'INNODB_CMP_PER_INDEX_RESET'
2019-04-29T16:17:08.127197Z 0 [Note] Shutting down plugin 'INNODB_CMP_PER_INDEX'
2019-04-29T16:17:08.127203Z 0 [Note] Shutting down plugin 'INNODB_CMPMEM_RESET'
2019-04-29T16:17:08.127209Z 0 [Note] Shutting down plugin 'INNODB_CMPMEM'
2019-04-29T16:17:08.127216Z 0 [Note] Shutting down plugin 'INNODB_CMP_RESET'
2019-04-29T16:17:08.127222Z 0 [Note] Shutting down plugin 'INNODB_CMP'
2019-04-29T16:17:08.127228Z 0 [Note] Shutting down plugin 'INNODB_LOCK_WAITS'
2019-04-29T16:17:08.127242Z 0 [Note] Shutting down plugin 'INNODB_LOCKS'
2019-04-29T16:17:08.127248Z 0 [Note] Shutting down plugin 'INNODB_TRX'
2019-04-29T16:17:08.127253Z 0 [Note] Shutting down plugin 'InnoDB'
2019-04-29T16:17:08.129650Z 0 [Note] InnoDB: FTS optimize thread exiting.
2019-04-29T16:17:08.129914Z 0 [Note] InnoDB: Starting shutdown...
2019-04-29T16:17:08.230365Z 0 [Note] InnoDB: Dumping buffer pool(s) to /var/lib/mysql/ib_buffer_pool
2019-04-29T16:17:08.230667Z 0 [Note] InnoDB: Buffer pool(s) dump completed at 190429 16:17:08
2019-04-29T16:17:09.751059Z 0 [Note] InnoDB: Shutdown completed; log sequence number 14729236
2019-04-29T16:17:09.753798Z 0 [Note] InnoDB: Removed temporary tablespace data file: "ibtmp1"
2019-04-29T16:17:09.753819Z 0 [Note] Shutting down plugin 'MEMORY'
2019-04-29T16:17:09.753829Z 0 [Note] Shutting down plugin 'CSV'
2019-04-29T16:17:09.753838Z 0 [Note] Shutting down plugin 'sha256_password'
2019-04-29T16:17:09.753844Z 0 [Note] Shutting down plugin 'mysql_native_password'
2019-04-29T16:17:09.753979Z 0 [Note] Shutting down plugin 'binlog'
2019-04-29T16:17:09.754586Z 0 [Note] /usr/sbin/mysqld: Shutdown complete

2019-04-29T16:17:16.209857Z 0 [Warning] TIMESTAMP with implicit DEFAULT value is deprecated. Please use --explicit_defaults_for_timestamp server option (see documentation for more details).
2019-04-29T16:17:16.210770Z 0 [Note] /usr/sbin/mysqld (mysqld 5.7.23) starting as process 75 ...
2019-04-29T16:17:16.220266Z 0 [Note] InnoDB: PUNCH HOLE support available
2019-04-29T16:17:16.220305Z 0 [Note] InnoDB: Mutexes and rw_locks use GCC atomic builtins
2019-04-29T16:17:16.220317Z 0 [Note] InnoDB: Uses event mutexes
2019-04-29T16:17:16.220329Z 0 [Note] InnoDB: GCC builtin __atomic_thread_fence() is used for memory barrier
2019-04-29T16:17:16.220340Z 0 [Note] InnoDB: Compressed tables use zlib 1.2.3
2019-04-29T16:17:16.220352Z 0 [Note] InnoDB: Using Linux native AIO
2019-04-29T16:17:16.220861Z 0 [Note] InnoDB: Number of pools: 1
2019-04-29T16:17:16.221061Z 0 [Note] InnoDB: Using CPU crc32 instructions
2019-04-29T16:17:16.223647Z 0 [Note] InnoDB: Initializing buffer pool, total size = 32M, instances = 1, chunk size = 32M
2019-04-29T16:17:16.226963Z 0 [Note] InnoDB: Completed initialization of buffer pool
2019-04-29T16:17:16.238689Z 0 [Note] InnoDB: If the mysqld execution user is authorized, page cleaner thread priority can be changed. See the man page of setpriority().
2019-04-29T16:17:16.252080Z 0 [Note] InnoDB: Highest supported file format is Barracuda.
2019-04-29T16:17:17.741971Z 0 [Note] InnoDB: Creating shared tablespace for temporary tables
2019-04-29T16:17:17.742074Z 0 [Note] InnoDB: Setting file './ibtmp1' size to 12 MB. Physically writing the file full; Please wait ...
2019-04-29T16:17:17.833864Z 0 [Note] InnoDB: File './ibtmp1' size is now 12 MB.
2019-04-29T16:17:17.834588Z 0 [Note] InnoDB: 96 redo rollback segment(s) found. 96 redo rollback segment(s) are active.
2019-04-29T16:17:17.834610Z 0 [Note] InnoDB: 32 non-redo rollback segment(s) are active.
2019-04-29T16:17:17.835276Z 0 [Note] InnoDB: Waiting for purge to start
2019-04-29T16:17:17.886277Z 0 [Note] InnoDB: 5.7.23 started; log sequence number 14729236
2019-04-29T16:17:17.886690Z 0 [Note] Plugin 'FEDERATED' is disabled.
2019-04-29T16:17:17.888661Z 0 [Warning] Failed to set up SSL because of the following SSL library error: SSL context is not usable without certificate and private key
2019-04-29T16:17:17.888686Z 0 [Note] Server hostname (bind-address): '*'; port: 3306
2019-04-29T16:17:17.888744Z 0 [Note] IPv6 is available.
2019-04-29T16:17:17.888761Z 0 [Note]   - '::' resolves to '::';
2019-04-29T16:17:17.888775Z 0 [Note] Server socket created on IP: '::'.
2019-04-29T16:17:17.899920Z 0 [Note] InnoDB: Loading buffer pool(s) from /var/lib/mysql/ib_buffer_pool
2019-04-29T16:17:17.900325Z 0 [Warning] Insecure configuration for --pid-file: Location '/var/run/mysqld' in the path is accessible to all OS users. Consider choosing a different directory.
2019-04-29T16:17:17.901914Z 0 [Warning] 'user' entry 'root@localhost' ignored in --skip-name-resolve mode.
2019-04-29T16:17:17.901947Z 0 [Warning] 'user' entry 'mysql.session@localhost' ignored in --skip-name-resolve mode.
2019-04-29T16:17:17.901964Z 0 [Warning] 'user' entry 'mysql.sys@localhost' ignored in --skip-name-resolve mode.
2019-04-29T16:17:17.901999Z 0 [Warning] 'db' entry 'performance_schema mysql.session@localhost' ignored in --skip-name-resolve mode.
2019-04-29T16:17:17.902009Z 0 [Warning] 'db' entry 'sys mysql.sys@localhost' ignored in --skip-name-resolve mode.
2019-04-29T16:17:17.902030Z 0 [Warning] 'proxies_priv' entry '@ root@localhost' ignored in --skip-name-resolve mode.
2019-04-29T16:17:17.904144Z 0 [Warning] 'tables_priv' entry 'user mysql.session@localhost' ignored in --skip-name-resolve mode.
2019-04-29T16:17:17.904171Z 0 [Warning] 'tables_priv' entry 'sys_config mysql.sys@localhost' ignored in --skip-name-resolve mode.
2019-04-29T16:17:17.911266Z 0 [Note] InnoDB: Buffer pool(s) load completed at 190429 16:17:17
2019-04-29T16:17:17.917060Z 0 [Note] Event Scheduler: Loaded 0 events
2019-04-29T16:17:17.929597Z 0 [Note] /usr/sbin/mysqld: ready for connections.
Version: '5.7.23'  socket: '/var/run/mysqld/mysqld.sock'  port: 3306  MySQL Community Server (GPL)
2019-04-30T02:33:58.477457Z 0 [Note] InnoDB: page_cleaner: 1000ms intended loop took 13878688ms. The settings might not be optimal. (flushed=0 and evicted=0, during the time.)
2019-04-30T02:48:56.201591Z 0 [Note] InnoDB: page_cleaner: 1000ms intended loop took 874715ms. The settings might not be optimal. (flushed=0 and evicted=0, during the time.)
2019-04-30T16:45:50.021488Z 0 [Note] InnoDB: page_cleaner: 1000ms intended loop took 45506914ms. The settings might not be optimal. (flushed=0 and evicted=0, during the time.)
2019-04-30T17:02:30.977398Z 0 [Note] InnoDB: page_cleaner: 1000ms intended loop took 5386ms. The settings might not be optimal. (flushed=0 and evicted=0, during the time.)
2019-05-01T00:13:50.080421Z 0 [Note] InnoDB: page_cleaner: 1000ms intended loop took 5773140ms. The settings might not be optimal. (flushed=0 and evicted=0, during the time.)
2019-05-01T00:30:02.939496Z 0 [Note] InnoDB: page_cleaner: 1000ms intended loop took 5196ms. The settings might not be optimal. (flushed=0 and evicted=0, during the time.)
2019-05-01T01:10:28.218468Z 0 [Note] InnoDB: page_cleaner: 1000ms intended loop took 8611ms. The settings might not be optimal. (flushed=6 and evicted=0, during the time.)
2019-05-01T01:17:27.269355Z 0 [Note] InnoDB: page_cleaner: 1000ms intended loop took 7572ms. The settings might not be optimal. (flushed=10 and evicted=0, during the time.)
2019-05-01T02:11:27.461563Z 0 [Note] InnoDB: page_cleaner: 1000ms intended loop took 4546ms. The settings might not be optimal. (flushed=3 and evicted=0, during the time.)
2019-05-01T03:35:26.257602Z 0 [Note] InnoDB: page_cleaner: 1000ms intended loop took 3981202ms. The settings might not be optimal. (flushed=0 and evicted=0, during the time.)
2019-05-01T15:16:59.498817Z 0 [Note] InnoDB: page_cleaner: 1000ms intended loop took 40953493ms. The settings might not be optimal. (flushed=0 and evicted=0, during the time.)
2019-05-02T14:52:02.701403Z 0 [Note] InnoDB: page_cleaner: 1000ms intended loop took 41330146ms. The settings might not be optimal. (flushed=0 and evicted=0, during the time.)
2019-05-03T00:26:19.185075Z 0 [Note] InnoDB: page_cleaner: 1000ms intended loop took 1109895ms. The settings might not be optimal. (flushed=0 and evicted=0, during the time.)
2019-05-03T01:55:55.619898Z 2019 [ERROR] /usr/sbin/mysqld: Table './mysql/proc' is marked as crashed and should be repaired
2019-05-03T01:55:57.499953Z 0 [Note] Giving 1 client threads a chance to die gracefully
2019-05-03T01:55:57.499996Z 0 [Note] Shutting down slave threads
2019-05-07T17:09:59.805528Z 0 [Warning] TIMESTAMP with implicit DEFAULT value is deprecated. Please use --explicit_defaults_for_timestamp server option (see documentation for more details).
2019-05-07T17:09:59.817740Z 0 [Note] /usr/sbin/mysqld (mysqld 5.7.23) starting as process 43 ...
2019-05-07T17:09:59.857908Z 0 [Note] InnoDB: PUNCH HOLE support available
2019-05-07T17:09:59.857944Z 0 [Note] InnoDB: Mutexes and rw_locks use GCC atomic builtins
2019-05-07T17:09:59.857955Z 0 [Note] InnoDB: Uses event mutexes
2019-05-07T17:09:59.857964Z 0 [Note] InnoDB: GCC builtin __atomic_thread_fence() is used for memory barrier
2019-05-07T17:09:59.857973Z 0 [Note] InnoDB: Compressed tables use zlib 1.2.3
2019-05-07T17:09:59.857983Z 0 [Note] InnoDB: Using Linux native AIO
2019-05-07T17:09:59.858359Z 0 [Note] InnoDB: Number of pools: 1
2019-05-07T17:09:59.858524Z 0 [Note] InnoDB: Using CPU crc32 instructions
2019-05-07T17:09:59.865362Z 0 [Note] InnoDB: Initializing buffer pool, total size = 32M, instances = 1, chunk size = 32M
2019-05-07T17:09:59.868701Z 0 [Note] InnoDB: Completed initialization of buffer pool
2019-05-07T17:09:59.880670Z 0 [Note] InnoDB: If the mysqld execution user is authorized, page cleaner thread priority can be changed. See the man page of setpriority().
2019-05-07T17:09:59.903751Z 0 [Note] InnoDB: Highest supported file format is Barracuda.
2019-05-07T17:09:59.908253Z 0 [Note] InnoDB: Log scan progressed past the checkpoint lsn 19189800
2019-05-07T17:09:59.908291Z 0 [Note] InnoDB: Doing recovery: scanned up to log sequence number 19201263
2019-05-07T17:09:59.910745Z 0 [Note] InnoDB: Database was not shutdown normally!
2019-05-07T17:09:59.910761Z 0 [Note] InnoDB: Starting crash recovery.
2019-05-07T17:09:59.996874Z 0 [Note] InnoDB: Starting an apply batch of log records to the database...
InnoDB: Progress in percent: 0 1 2 3 4 5 6 7 8 9 10 11 12 13 14 15 16 17 18 19 20 21 22 23 24 25 26 27 28 29 30 31 32 33 34 35 36 37 38 39 40 41 42 43 44 45 46 47 48 49 50 51 52 53 54 55 56 57 58 59 60 61 62 63 64 65 66 67 68 69 70 71 72 73 74 75 76 77 78 79 80 81 82 83 84 85 86 87 88 89 90 91 92 93 94 95 96 97 98 99 
2019-05-07T17:09:59.999473Z 0 [Note] InnoDB: Apply batch completed
2019-05-07T17:10:00.247344Z 0 [Note] InnoDB: Removed temporary tablespace data file: "ibtmp1"
2019-05-07T17:10:00.247376Z 0 [Note] InnoDB: Creating shared tablespace for temporary tables
2019-05-07T17:10:00.247461Z 0 [Note] InnoDB: Setting file './ibtmp1' size to 12 MB. Physically writing the file full; Please wait ...
2019-05-07T17:10:00.287622Z 0 [Note] InnoDB: File './ibtmp1' size is now 12 MB.
2019-05-07T17:10:00.288585Z 0 [Note] InnoDB: 96 redo rollback segment(s) found. 96 redo rollback segment(s) are active.
2019-05-07T17:10:00.288608Z 0 [Note] InnoDB: 32 non-redo rollback segment(s) are active.
2019-05-07T17:10:00.289232Z 0 [Note] InnoDB: Waiting for purge to start
2019-05-07T17:10:00.340979Z 0 [Note] InnoDB: 5.7.23 started; log sequence number 19201263
2019-05-07T17:10:00.342559Z 0 [Note] Plugin 'FEDERATED' is disabled.
2019-05-07T17:10:00.344464Z 0 [Note] InnoDB: Loading buffer pool(s) from /var/lib/mysql/ib_buffer_pool
2019-05-07T17:10:00.347089Z 0 [Warning] Failed to set up SSL because of the following SSL library error: SSL context is not usable without certificate and private key
2019-05-07T17:10:00.347117Z 0 [Note] Server hostname (bind-address): '*'; port: 3306
2019-05-07T17:10:00.347418Z 0 [Note] IPv6 is available.
2019-05-07T17:10:00.347704Z 0 [Note]   - '::' resolves to '::';
2019-05-07T17:10:00.347729Z 0 [Note] Server socket created on IP: '::'.
2019-05-07T17:10:00.349283Z 0 [Warning] Insecure configuration for --pid-file: Location '/var/run/mysqld' in the path is accessible to all OS users. Consider choosing a different directory.
2019-05-07T17:10:00.357317Z 0 [Warning] 'user' entry 'root@localhost' ignored in --skip-name-resolve mode.
2019-05-07T17:10:00.357368Z 0 [Warning] 'user' entry 'mysql.session@localhost' ignored in --skip-name-resolve mode.
2019-05-07T17:10:00.357384Z 0 [Warning] 'user' entry 'mysql.sys@localhost' ignored in --skip-name-resolve mode.
2019-05-07T17:10:00.357545Z 0 [Warning] 'db' entry 'performance_schema mysql.session@localhost' ignored in --skip-name-resolve mode.
2019-05-07T17:10:00.357558Z 0 [Warning] 'db' entry 'sys mysql.sys@localhost' ignored in --skip-name-resolve mode.
2019-05-07T17:10:00.358051Z 0 [Warning] 'proxies_priv' entry '@ root@localhost' ignored in --skip-name-resolve mode.
2019-05-07T17:10:00.366182Z 0 [Note] InnoDB: Buffer pool(s) load completed at 190507 17:10:00
2019-05-07T17:10:00.367326Z 0 [Warning] 'tables_priv' entry 'user mysql.session@localhost' ignored in --skip-name-resolve mode.
2019-05-07T17:10:00.367347Z 0 [Warning] 'tables_priv' entry 'sys_config mysql.sys@localhost' ignored in --skip-name-resolve mode.
2019-05-07T17:10:00.408095Z 0 [Note] Event Scheduler: Loaded 0 events
2019-05-07T17:10:00.412981Z 0 [Note] /usr/sbin/mysqld: ready for connections.
Version: '5.7.23'  socket: '/var/run/mysqld/mysqld.sock'  port: 3306  MySQL Community Server (GPL)
